# JRE version: Java(TM) SE Runtime Environment (7.0_80-b15) (build 1.7.0_80-b15)
# Java VM: Java HotSpot(TM) 64-Bit Server VM (24.80-b11 mixed mode linux-amd64 compressed oops)
Heap
 PSYoungGen      total 306176K, used 77760K [0x00000000eaa80000, 0x0000000100000000, 0x0000000100000000)
  eden space 262656K, 13% used [0x00000000eaa80000,0x00000000eccf01a0,0x00000000fab00000)
  from space 43520K, 97% used [0x00000000fd580000,0x00000000fff00238,0x0000000100000000)
  to   space 43520K, 0% used [0x00000000fab00000,0x00000000fab00000,0x00000000fd580000)
 ParOldGen       total 699392K, used 7704K [0x00000000bff80000, 0x00000000eaa80000, 0x00000000eaa80000)
  object space 699392K, 1% used [0x00000000bff80000,0x00000000c07061d0,0x00000000eaa80000)
 PSPermGen       total 43520K, used 43362K [0x00000000bad80000, 0x00000000bd800000, 0x00000000bff80000)
  object space 43520K, 99% used [0x00000000bad80000,0x00000000bd7d8b78,0x00000000bd800000)
GC Heap History (8 events):
Event: 9,842 GC heap before
{Heap before GC invocations=1 (full 0):
 PSYoungGen      total 306176K, used 262656K [0x00000000eaa80000, 0x0000000100000000, 0x0000000100000000)
  eden space 262656K, 100% used [0x00000000eaa80000,0x00000000fab00000,0x00000000fab00000)
  from space 43520K, 0% used [0x00000000fd580000,0x00000000fd580000,0x0000000100000000)
  to   space 43520K, 0% used [0x00000000fab00000,0x00000000fab00000,0x00000000fd580000)
 ParOldGen       total 699392K, used 0K [0x00000000bff80000, 0x00000000eaa80000, 0x00000000eaa80000)
  object space 699392K, 0% used [0x00000000bff80000,0x00000000bff80000,0x00000000eaa80000)
 PSPermGen       total 34304K, used 34295K [0x00000000bad80000, 0x00000000bcf00000, 0x00000000bff80000)
  object space 34304K, 99% used [0x00000000bad80000,0x00000000bcefde90,0x00000000bcf00000)
Event: 10,004 GC heap after
Heap after GC invocations=1 (full 0):
 PSYoungGen      total 306176K, used 43517K [0x00000000eaa80000, 0x0000000100000000, 0x0000000100000000)
  eden space 262656K, 0% used [0x00000000eaa80000,0x00000000eaa80000,0x00000000fab00000)
  from space 43520K, 99% used [0x00000000fab00000,0x00000000fd57f4c8,0x00000000fd580000)
  to   space 43520K, 0% used [0x00000000fd580000,0x00000000fd580000,0x0000000100000000)
 ParOldGen       total 699392K, used 5370K [0x00000000bff80000, 0x00000000eaa80000, 0x00000000eaa80000)
  object space 699392K, 0% used [0x00000000bff80000,0x00000000c04be858,0x00000000eaa80000)
 PSPermGen       total 34304K, used 34295K [0x00000000bad80000, 0x00000000bcf00000, 0x00000000bff80000)
  object space 34304K, 99% used [0x00000000bad80000,0x00000000bcefde90,0x00000000bcf00000)
}
Event: 23,075 GC heap before
{Heap before GC invocations=2 (full 0):
 PSYoungGen      total 306176K, used 306173K [0x00000000eaa80000, 0x0000000100000000, 0x0000000100000000)
  eden space 262656K, 100% used [0x00000000eaa80000,0x00000000fab00000,0x00000000fab00000)
  from space 43520K, 99% used [0x00000000fab00000,0x00000000fd57f4c8,0x00000000fd580000)
  to   space 43520K, 0% used [0x00000000fd580000,0x00000000fd580000,0x0000000100000000)
 ParOldGen       total 699392K, used 5370K [0x00000000bff80000, 0x00000000eaa80000, 0x00000000eaa80000)
  object space 699392K, 0% used [0x00000000bff80000,0x00000000c04be858,0x00000000eaa80000)
 PSPermGen       total 40448K, used 40158K [0x00000000bad80000, 0x00000000bd500000, 0x00000000bff80000)
  object space 40448K, 99% used [0x00000000bad80000,0x00000000bd4b78b0,0x00000000bd500000)
Event: 23,607 GC heap after
Heap after GC invocations=2 (full 0):
 PSYoungGen      total 306176K, used 43506K [0x00000000eaa80000, 0x0000000100000000, 0x0000000100000000)
  eden space 262656K, 0% used [0x00000000eaa80000,0x00000000eaa80000,0x00000000fab00000)
  from space 43520K, 99% used [0x00000000fd580000,0x00000000ffffc858,0x0000000100000000)
  to   space 43520K, 0% used [0x00000000fab00000,0x00000000fab00000,0x00000000fd580000)
 ParOldGen       total 699392K, used 6462K [0x00000000bff80000, 0x00000000eaa80000, 0x00000000eaa80000)
  object space 699392K, 0% used [0x00000000bff80000,0x00000000c05cf880,0x00000000eaa80000)
 PSPermGen       total 40448K, used 40158K [0x00000000bad80000, 0x00000000bd500000, 0x00000000bff80000)
  object space 40448K, 99% used [0x00000000bad80000,0x00000000bd4b78b0,0x00000000bd500000)
}
Event: 446,176 GC heap before
{Heap before GC invocations=3 (full 0):
 PSYoungGen      total 306176K, used 306162K [0x00000000eaa80000, 0x0000000100000000, 0x0000000100000000)
  eden space 262656K, 100% used [0x00000000eaa80000,0x00000000fab00000,0x00000000fab00000)
  from space 43520K, 99% used [0x00000000fd580000,0x00000000ffffc858,0x0000000100000000)
  to   space 43520K, 0% used [0x00000000fab00000,0x00000000fab00000,0x00000000fd580000)
 ParOldGen       total 699392K, used 6462K [0x00000000bff80000, 0x00000000eaa80000, 0x00000000eaa80000)
  object space 699392K, 0% used [0x00000000bff80000,0x00000000c05cf880,0x00000000eaa80000)
 PSPermGen       total 43520K, used 43116K [0x00000000bad80000, 0x00000000bd800000, 0x00000000bff80000)
  object space 43520K, 99% used [0x00000000bad80000,0x00000000bd79b060,0x00000000bd800000)
Event: 446,517 GC heap after
Heap after GC invocations=3 (full 0):
 PSYoungGen      total 306176K, used 43506K [0x00000000eaa80000, 0x0000000100000000, 0x0000000100000000)
  eden space 262656K, 0% used [0x00000000eaa80000,0x00000000eaa80000,0x00000000fab00000)
  from space 43520K, 99% used [0x00000000fab00000,0x00000000fd57c910,0x00000000fd580000)
  to   space 43520K, 0% used [0x00000000fd580000,0x00000000fd580000,0x0000000100000000)
 ParOldGen       total 699392K, used 7704K [0x00000000bff80000, 0x00000000eaa80000, 0x00000000eaa80000)
  object space 699392K, 1% used [0x00000000bff80000,0x00000000c07061d0,0x00000000eaa80000)
 PSPermGen       total 43520K, used 43116K [0x00000000bad80000, 0x00000000bd800000, 0x00000000bff80000)
  object space 43520K, 99% used [0x00000000bad80000,0x00000000bd79b060,0x00000000bd800000)
}
Event: 807,114 GC heap before
{Heap before GC invocations=4 (full 0):
 PSYoungGen      total 306176K, used 306162K [0x00000000eaa80000, 0x0000000100000000, 0x0000000100000000)
  eden space 262656K, 100% used [0x00000000eaa80000,0x00000000fab00000,0x00000000fab00000)
  from space 43520K, 99% used [0x00000000fab00000,0x00000000fd57c910,0x00000000fd580000)
  to   space 43520K, 0% used [0x00000000fd580000,0x00000000fd580000,0x0000000100000000)
 ParOldGen       total 699392K, used 7704K [0x00000000bff80000, 0x00000000eaa80000, 0x00000000eaa80000)
  object space 699392K, 1% used [0x00000000bff80000,0x00000000c07061d0,0x00000000eaa80000)
 PSPermGen       total 43520K, used 43352K [0x00000000bad80000, 0x00000000bd800000, 0x00000000bff80000)
  object space 43520K, 99% used [0x00000000bad80000,0x00000000bd7d63d8,0x00000000bd800000)
Event: 807,424 GC heap after
Heap after GC invocations=4 (full 0):
 PSYoungGen      total 306176K, used 42496K [0x00000000eaa80000, 0x0000000100000000, 0x0000000100000000)
  eden space 262656K, 0% used [0x00000000eaa80000,0x00000000eaa80000,0x00000000fab00000)
  from space 43520K, 97% used [0x00000000fd580000,0x00000000fff00238,0x0000000100000000)
  to   space 43520K, 0% used [0x00000000fab00000,0x00000000fab00000,0x00000000fd580000)
 ParOldGen       total 699392K, used 7704K [0x00000000bff80000, 0x00000000eaa80000, 0x00000000eaa80000)
  object space 699392K, 1% used [0x00000000bff80000,0x00000000c07061d0,0x00000000eaa80000)
 PSPermGen       total 43520K, used 43352K [0x00000000bad80000, 0x00000000bd800000, 0x00000000bff80000)
  object space 43520K, 99% used [0x00000000bad80000,0x00000000bd7d63d8,0x00000000bd800000)
}

